<?xml version="1.0" encoding="UTF-8"?>
<!-- Generated by org.testng.reporters.JUnitReportReporter -->
<testsuite hostname="PUN-DSG-AIO-003" failures="0" tests="4" name="nov_17.Priority" time="0.008" errors="0" timestamp="2025-11-19T10:58:54 IST" skipped="0">
  <testcase classname="nov_17.Priority" name="Home" time="0.002"/>
  <testcase classname="nov_17.Priority" name="Logout" time="0.004"/>
  <testcase classname="nov_17.Priority" name="Registration" time="0.002"/>
  <testcase classname="nov_17.Priority" name="Login" time="0.000"/>
</testsuite> <!-- nov_17.Priority -->
