<?xml version="1.0" encoding="UTF-8"?>
<!-- Generated by org.testng.reporters.JUnitReportReporter -->
<testsuite hostname="PUN-DSG-AIO-003" failures="0" tests="4" name="nov_21.TestNGGroup" time="12.286" errors="0" timestamp="2025-11-21T11:29:49 IST" skipped="0">
  <testcase classname="nov_21.TestNGGroup" name="Login" time="2.028"/>
  <testcase classname="nov_21.TestNGGroup" name="Login1" time="3.934"/>
  <testcase classname="nov_21.TestNGGroup" name="Login3" time="1.876"/>
  <testcase classname="nov_21.TestNGGroup" name="Login2" time="4.448"/>
</testsuite> <!-- nov_21.TestNGGroup -->
