<?xml version="1.0" encoding="UTF-8"?>
<!-- Generated by org.testng.reporters.JUnitReportReporter -->
<testsuite hostname="PUN-DSG-AIO-003" failures="0" tests="3" name="nov_21.ParallelExecution" time="17.343" errors="0" timestamp="2025-11-21T11:00:13 IST" skipped="0">
  <testcase classname="nov_21.ParallelExecution" name="OpenChrome" time="3.652"/>
  <testcase classname="nov_21.ParallelExecution" name="OpenFirefox" time="5.811"/>
  <testcase classname="nov_21.ParallelExecution" name="OpenEdge" time="7.880"/>
</testsuite> <!-- nov_21.ParallelExecution -->
