<?xml version="1.0" encoding="UTF-8"?>
<!-- Generated by org.testng.reporters.JUnitReportReporter -->
<testsuite hostname="PUN-DSG-AIO-003" failures="0" tests="5" name="nov_19.SkipTestCases1" time="0.020" errors="0" timestamp="2025-11-19T10:38:04 IST" skipped="1">
  <testcase classname="nov_19.SkipTestCases1" name="Home" time="0.009">
    <skipped/>
  </testcase> <!-- Home -->
  <testcase classname="nov_19.SkipTestCases1" name="Profile" time="0.001"/>
  <testcase classname="nov_19.SkipTestCases1" name="Registration" time="0.008"/>
  <testcase classname="nov_19.SkipTestCases1" name="Logout" time="0.001"/>
  <testcase classname="nov_19.SkipTestCases1" name="Login" time="0.001"/>
</testsuite> <!-- nov_19.SkipTestCases1 -->
