<?xml version="1.0" encoding="UTF-8"?>
<!-- Generated by org.testng.reporters.JUnitReportReporter -->
<testsuite hostname="PUN-DSG-AIO-003" failures="0" tests="4" name="nov_17.Login_Logout" time="0.010" errors="0" timestamp="2025-11-17T11:25:50 IST" skipped="0">
  <testcase classname="nov_17.Login_Logout" name="Home" time="0.007"/>
  <testcase classname="nov_17.Login_Logout" name="Logout" time="0.001"/>
  <testcase classname="nov_17.Login_Logout" name="Registration" time="0.001"/>
  <testcase classname="nov_17.Login_Logout" name="Login" time="0.001"/>
</testsuite> <!-- nov_17.Login_Logout -->
