<?xml version="1.0" encoding="UTF-8"?>
<!-- Generated by org.testng.reporters.JUnitReportReporter -->
<testsuite hostname="PUN-DSG-AIO-003" failures="0" tests="5" name="nov_19.SkipTestCases" time="0.016" errors="0" timestamp="2025-11-19T10:58:54 IST" skipped="1">
  <testcase classname="nov_19.SkipTestCases" name="Home" time="0.000"/>
  <testcase classname="nov_19.SkipTestCases" name="Registration" time="0.002"/>
  <testcase classname="nov_19.SkipTestCases" name="Logout" time="0.014"/>
  <testcase classname="nov_19.SkipTestCases" name="Login" time="0.000"/>
  <testcase classname="nov_19.SkipTestCases" name="Profile">
    <skipped/>
  </testcase> <!-- Profile -->
</testsuite> <!-- nov_19.SkipTestCases -->
