<?xml version="1.0" encoding="UTF-8"?>
<testng-results ignored="0" total="1" passed="1" failed="0" skipped="0">
  <reporter-output>
  </reporter-output>
  <suite started-at="2025-12-02T10:59:18 IST" name="Default suite" finished-at="2025-12-02T10:59:24 IST" duration-ms="6079">
    <groups>
    </groups>
    <test started-at="2025-12-02T10:59:18 IST" name="Default test" finished-at="2025-12-02T10:59:24 IST" duration-ms="6079">
      <class name="nov_26.Keywords_driven_framework">
        <test-method signature="f()[pri:0, instance:nov_26.Keywords_driven_framework@28701274]" started-at="2025-12-02T10:59:18 IST" name="f" finished-at="2025-12-02T10:59:24 IST" duration-ms="6037" status="PASS">
          <reporter-output>
          </reporter-output>
        </test-method> <!-- f -->
      </class> <!-- nov_26.Keywords_driven_framework -->
    </test> <!-- Default test -->
  </suite> <!-- Default suite -->
</testng-results>
