<?xml version="1.0" encoding="UTF-8"?>
<!-- Generated by org.testng.reporters.JUnitXMLReporter -->
<testsuite ignored="0" hostname="PUN-DSG-AIO-003" failures="0" tests="6" name="Test" time="18.435" errors="0" timestamp="2025-11-21T11:29:49 IST">
  <testcase classname="nov_21.TestNGGroup" name="Login" time="2.028"/>
  <testcase classname="nov_21.TestNGGroup" name="Login1" time="3.934"/>
  <testcase classname="nov_21.TestNGGroup" name="Login2" time="4.448"/>
  <testcase classname="nov_21.TestNGGroup" name="Login3" time="1.876"/>
  <testcase classname="nov_21.ParallelExecution1" name="SwagLAbLogin" time="2.083"/>
  <testcase classname="nov_21.ParallelExecution1" name="TestLogin" time="4.015"/>
</testsuite> <!-- Test -->
